
          =======================================
          |       OUTPUT OF PROGRAM "SOLD"      |
          =======================================

 REMEMBER:  in this program the energy is measured in eV,
            distances in Angstroms, forces in eV/Angstroem,
            planar defect energy in eV/Angstroem^2

 RUN STARTED Thu Aug 25 12:02:02 2016      

 CHEMICAL ELEMENTS:   TYPE   ELEMENT

                        1      Cu  

 USING REGULAR EAM

 THE FOLLOWING POTENTIAL FILES ARE USED:

 /home/james/potentials/CuAg/pcu.dat                                     
 /home/james/potentials/CuAg/fcu.dat                                     
 /home/james/potentials/CuAg/F_cu.dat                                    

 CUT-OFF RADIUS OF ATOMIC INTERACTION:    5.5068

 INITIAL CONFIGURATION IS GENERATED BY 'CRYSTAL' USING FILE:
 gen_fcc.gen                                                             

 PRIMITIVE TRANSLATION VECTORS:
     5.43743     0.00000     0.00000
     0.00000     5.43743     0.00000
     0.00000     0.00000     5.43743

 NUMBER OF BASIS ATOMS =  8
       COORDINATES                         ELEMENT
        0.000000    0.000000    0.000000      Cu  
        2.718715    2.718715    0.000000      Cu  
        2.718715    0.000000    2.718715      Cu  
        0.000000    2.718715    2.718715      Cu  
        1.359357    1.359357    1.359357      Cu  
        4.078072    4.075170    1.359357      Cu  
        4.078072    1.359357    4.078072      Cu  
        1.359357    4.078072    4.078072      Cu  

 EDGE VECTORS OF THE SIMULATION BLOCK:
     1.00000    -2.00000     0.00000
     2.00000     1.00000     0.00000
     0.00000     0.00000     1.00000

 NUMBER OF PLANES BEFORE LATTICE REPEATS IN BLOCK DIRECTIONS:
        5         5         1

     RADIUS OF SEARCH =  8.5000

     INNER  BLOCK IS   10  BY  80  BY   5
     DIMENSIONS OF THE INNER BLOCK:  24.31692 194.53537  27.18715

     CYCLIC BOUNDARY IN X DIRECTION
     CYCLIC BOUNDARY IN Y DIRECTION
     CYCLIC BOUNDARY IN Z DIRECTION

 THE PERFECT LATTICE BLOCK CONTAINS:
 TOTAL NUMBER OF  ATOMS:  NTOT  =   6400
 NUMBER OF  FREE  ATOMS:  NFREE =   6400

 ---------------------------------------------------

 COHESIVE ENERGY OF THE PERFECT LATTICE: -2.412081

  ELECTRON DENSITY IN THE PERFECT LATTICE:
       LCO   ELEMENT   EL. DENSITY
        1      Cu        0.508527
        2      Cu        0.509068
        3      Cu        0.508526
        4      Cu        0.509068
        5      Cu        0.508797
        6      Cu        0.508798
        7      Cu        0.508797
        8      Cu        0.508797

 --------------------------------------------------

 LATTICE DEFECTS ARE GENERATED USING FILE:
 defects.def                                                             

 A GRAIN BOUNDARY IN X-Z PLANE HAS BEEN CREATED
 BY A 180 DEGREE ROTATION OF THE UPPPER GRAIN

 A PLANAR DEFECT (in X-Z plane) HAS BEEN CREATED
 BY RIGID-BODY DISPLACEMENT OF THE UPPPER GRAIN BY VECTOR: 
     0.00000     0.00000     0.00000

 Number of block images:  X: 1  Y: 1  Z: 1

 CONSTRUCTING TABLE OF NEIGHBOURS
 MAXIMUM NUMBER OF NEIGHBOURS IS 126

 INITIAL ENERGY OF THE DEFECTED BLOCK:-.154575953E+05

    ...... NO RELAXATION OF THE BLOCK ......
 ----------------------------------------------------
 MINIMUM ENERGY OF THE BLOCK:-.154575953E+05
 SPECIFIC ENERGY OF THE PLANAR DEFECT:-.306723578E-01
 ----------------------------------------------------


 STRESS TENSOR:
    0.15075392E-01
    0.45255915E-09    0.15432536E-01
   -0.77979361E-04    0.20208458E-09    0.15383822E-01

 PRESSURE: -.152972501E-01   PV =-.196736143E+04

 THE FINAL CONFIGURATION HAS BEEN SAVED IN FILE:
                  out/config.plt                                                          

 Neighbor updates:     1
 ENERGY calls:         2
 FORCE  calls:         0

 RUN ENDED Thu Aug 25 12:02:16 2016      
                                        ... END OF OUTPUT.

